<?xml version="1.0" encoding="UTF-8"?>
<!-- Generated by org.testng.reporters.JUnitXMLReporter -->
<testsuite hostname="DESKTOP-OB1OE1J" ignored="0" name="Smoke(failed)" tests="2" failures="1" timestamp="2022-06-21T14:36:20 IST" time="120.272" errors="0">
  <testcase name="RegisterCattle_Heifer" time="88.59" classname="com.nitara.CattleManagement.RegisterHeifer"/>
  <testcase name="reportDisease" time="0.001" classname="com.nitara.DiseasePredictor.ReportDisease">
    <failure type="java.lang.Error" message="Unresolved compilation problem: 
	The method Clickskip_btn() is undefined for the type Disease_PredictorPage
">
      <![CDATA[java.lang.Error: Unresolved compilation problem: 
The method Clickskip_btn() is undefined for the type Disease_PredictorPage

at com.nitara.DiseasePredictor.ReportDisease.reportDisease(ReportDisease.java:39)
at java.util.ArrayList.forEach(ArrayList.java:1259)
... Removed 27 stack frames]]>
    </failure>
  </testcase> <!-- reportDisease -->
</testsuite> <!-- Smoke(failed) -->
