<?xml version="1.0" encoding="UTF-8"?>
<!-- Generated by org.testng.reporters.JUnitXMLReporter -->
<testsuite hostname="DESKTOP-OB1OE1J" ignored="4" name="Regression 1" tests="2" failures="1" timestamp="2021-07-08T13:49:57 IST" time="25.475" errors="0">
  <testcase name="userLogin" time="14.639" classname="com.nitara.AccountManagement.UserLogin"/>
  <testcase name="registerFarm" time="0.002" classname="com.nitara.AccountManagement.RegisterFarm">
    <failure type="java.lang.NullPointerException">
      <![CDATA[java.lang.NullPointerException
at com.nitara.AccountManagement.RegisterFarm.registerFarm(RegisterFarm.java:19)
at java.util.ArrayList.forEach(ArrayList.java:1259)
... Removed 27 stack frames]]>
    </failure>
  </testcase> <!-- registerFarm -->
  <testcase name="@BeforeTest initialize" time="0.0" classname="com.nitara.GenericBase.GenericBase">
    <ignored/>
  </testcase> <!-- @BeforeTest initialize -->
  <testcase name="@AfterSuite endSetup" time="0.0" classname="com.nitara.Report.TestReport">
    <ignored/>
  </testcase> <!-- @AfterSuite endSetup -->
  <testcase name="@AfterTest quit" time="0.0" classname="com.nitara.GenericBase.GenericBase">
    <ignored/>
  </testcase> <!-- @AfterTest quit -->
  <testcase name="@BeforeSuite reportSetup" time="0.0" classname="com.nitara.Report.TestReport">
    <ignored/>
  </testcase> <!-- @BeforeSuite reportSetup -->
</testsuite> <!-- Regression 1 -->
