<?xml version="1.0" encoding="UTF-8"?>
<!-- Generated by org.testng.reporters.JUnitXMLReporter -->
<testsuite ignored="0" hostname="DESKTOP-BR822IA" failures="3" tests="5" name="Smoke" time="0.059" errors="0" timestamp="2022-09-08T15:21:31 IST">
  <testcase classname="appCommonClasses.GenericBase" name="@BeforeMethod initialize" time="0.018">
    <failure type="java.lang.NoClassDefFoundError" message="org/apache/logging/log4j/ThreadContext">
      <![CDATA[java.lang.NoClassDefFoundError: org/apache/logging/log4j/ThreadContext
at appCommonClasses.GenericBase.initialize(GenericBase.java:45)
at java.base/java.util.ArrayList.forEach(ArrayList.java:1541)
Caused by: java.lang.ClassNotFoundException: org.apache.logging.log4j.ThreadContext
at java.base/jdk.internal.loader.BuiltinClassLoader.loadClass(BuiltinClassLoader.java:581)
at java.base/jdk.internal.loader.ClassLoaders$AppClassLoader.loadClass(ClassLoaders.java:178)
at java.base/java.lang.ClassLoader.loadClass(ClassLoader.java:521)
... 32 more
... Removed 30 stack frames]]>
    </failure>
  </testcase> <!-- @BeforeMethod initialize -->
  <testcase classname="appCommonClasses.GenericBase" name="@AfterMethod quit" time="0.002">
    <failure type="java.lang.NoClassDefFoundError" message="org/openqa/selenium/Capabilities">
      <![CDATA[java.lang.NoClassDefFoundError: org/openqa/selenium/Capabilities
at appCommonClasses.GenericBase.quit(GenericBase.java:56)
at java.base/java.util.ArrayList.forEach(ArrayList.java:1541)
Caused by: java.lang.ClassNotFoundException: org.openqa.selenium.Capabilities
at java.base/jdk.internal.loader.BuiltinClassLoader.loadClass(BuiltinClassLoader.java:581)
at java.base/jdk.internal.loader.ClassLoaders$AppClassLoader.loadClass(ClassLoaders.java:178)
at java.base/java.lang.ClassLoader.loadClass(ClassLoader.java:521)
... 33 more
... Removed 31 stack frames]]>
    </failure>
  </testcase> <!-- @AfterMethod quit -->
  <testcase classname="appCommonClasses.GenericBase" name="@BeforeMethod initialize" time="0.0">
    <failure type="java.lang.NoClassDefFoundError" message="org/apache/logging/log4j/ThreadContext">
      <![CDATA[java.lang.NoClassDefFoundError: org/apache/logging/log4j/ThreadContext
at appCommonClasses.GenericBase.initialize(GenericBase.java:45)
at java.base/java.util.ArrayList.forEach(ArrayList.java:1541)
... Removed 30 stack frames]]>
    </failure>
  </testcase> <!-- @BeforeMethod initialize -->
  <testcase classname="appCommonClasses.GenericBase" name="@AfterMethod quit" time="0.0">
    <failure type="java.lang.NoClassDefFoundError" message="org/openqa/selenium/Capabilities">
      <![CDATA[java.lang.NoClassDefFoundError: org/openqa/selenium/Capabilities
at appCommonClasses.GenericBase.quit(GenericBase.java:56)
at java.base/java.util.ArrayList.forEach(ArrayList.java:1541)
Caused by: java.lang.ClassNotFoundException: org.openqa.selenium.Capabilities
at java.base/jdk.internal.loader.BuiltinClassLoader.loadClass(BuiltinClassLoader.java:581)
at java.base/jdk.internal.loader.ClassLoaders$AppClassLoader.loadClass(ClassLoaders.java:178)
at java.base/java.lang.ClassLoader.loadClass(ClassLoader.java:521)
... 33 more
... Removed 31 stack frames]]>
    </failure>
  </testcase> <!-- @AfterMethod quit -->
  <testcase classname="com.nitara.AccountManagement.SignUp" name="SignUp_ValidData" time="0.0">
    <skipped/>
  </testcase> <!-- SignUp_ValidData -->
  <testcase classname="com.nitara.AccountManagement.SignUp" name="setupAccount" time="0.0">
    <skipped/>
  </testcase> <!-- setupAccount -->
  <testcase classname="com.nitara.AccountManagement.ForgotPin" name="ForgotPin_CannotSetOldPin" time="0.0">
    <failure type="java.lang.RuntimeException" message="java.lang.NoClassDefFoundError: org/apache/poi/ss/usermodel/Cell">
      <![CDATA[java.lang.RuntimeException: java.lang.NoClassDefFoundError: org/apache/poi/ss/usermodel/Cell
at java.base/java.util.ArrayList.forEach(ArrayList.java:1541)
Caused by: java.lang.NoClassDefFoundError: org/apache/poi/ss/usermodel/Cell
at com.nitara.utils.DataProviderUtils.getData(DataProviderUtils.java:24)
... 24 more
Caused by: java.lang.ClassNotFoundException: org.apache.poi.ss.usermodel.Cell
at java.base/jdk.internal.loader.BuiltinClassLoader.loadClass(BuiltinClassLoader.java:581)
at java.base/jdk.internal.loader.ClassLoaders$AppClassLoader.loadClass(ClassLoaders.java:178)
at java.base/java.lang.ClassLoader.loadClass(ClassLoader.java:521)
... 32 more
... Removed 31 stack frames]]>
    </failure>
  </testcase> <!-- ForgotPin_CannotSetOldPin -->
  <testcase classname="com.nitara.AccountManagement.ForgotPin" name="ForgotPin_PinAndConfirmPinMustMatch" time="0.0">
    <failure type="java.lang.RuntimeException" message="java.lang.NoClassDefFoundError: org/apache/poi/ss/usermodel/Cell">
      <![CDATA[java.lang.RuntimeException: java.lang.NoClassDefFoundError: org/apache/poi/ss/usermodel/Cell
at java.base/java.util.ArrayList.forEach(ArrayList.java:1541)
Caused by: java.lang.NoClassDefFoundError: org/apache/poi/ss/usermodel/Cell
at com.nitara.utils.DataProviderUtils.getData(DataProviderUtils.java:24)
... 24 more
Caused by: java.lang.ClassNotFoundException: org.apache.poi.ss.usermodel.Cell
at java.base/jdk.internal.loader.BuiltinClassLoader.loadClass(BuiltinClassLoader.java:581)
at java.base/jdk.internal.loader.ClassLoaders$AppClassLoader.loadClass(ClassLoaders.java:178)
at java.base/java.lang.ClassLoader.loadClass(ClassLoader.java:521)
... 32 more
... Removed 31 stack frames]]>
    </failure>
  </testcase> <!-- ForgotPin_PinAndConfirmPinMustMatch -->
  <testcase classname="com.nitara.AccountManagement.ForgotPin" name="ForgotPin_PinLessThanSixDigitsNotAccepted" time="0.0">
    <failure type="java.lang.RuntimeException" message="java.lang.NoClassDefFoundError: org/apache/poi/ss/usermodel/Cell">
      <![CDATA[java.lang.RuntimeException: java.lang.NoClassDefFoundError: org/apache/poi/ss/usermodel/Cell
at java.base/java.util.ArrayList.forEach(ArrayList.java:1541)
Caused by: java.lang.NoClassDefFoundError: org/apache/poi/ss/usermodel/Cell
at com.nitara.utils.DataProviderUtils.getData(DataProviderUtils.java:24)
... 24 more
Caused by: java.lang.ClassNotFoundException: org.apache.poi.ss.usermodel.Cell
at java.base/jdk.internal.loader.BuiltinClassLoader.loadClass(BuiltinClassLoader.java:581)
at java.base/jdk.internal.loader.ClassLoaders$AppClassLoader.loadClass(ClassLoaders.java:178)
at java.base/java.lang.ClassLoader.loadClass(ClassLoader.java:521)
... 32 more
... Removed 31 stack frames]]>
    </failure>
  </testcase> <!-- ForgotPin_PinLessThanSixDigitsNotAccepted -->
</testsuite> <!-- Smoke -->
